# JRE version: Java(TM) SE Runtime Environment (8.0_172-b11) (build 1.8.0_172-b11)
# Java VM: Java HotSpot(TM) 64-Bit Server VM (25.172-b11 mixed mode linux-amd64 compressed oops)
Heap:
 def new generation   total 5760K, used 0K [0x00000000e0000000, 0x00000000e0640000, 0x00000000eaaa0000)
  eden space 5120K,   0% used [0x00000000e0000000, 0x00000000e0000000, 0x00000000e0500000)
  from space 640K,   0% used [0x00000000e0500000, 0x00000000e0500000, 0x00000000e05a0000)
  to   space 640K,   0% used [0x00000000e05a0000, 0x00000000e05a0000, 0x00000000e0640000)
 tenured generation   total 12664K, used 7597K [0x00000000eaaa0000, 0x00000000eb6fe000, 0x0000000100000000)
   the space 12664K,  59% used [0x00000000eaaa0000, 0x00000000eb20b7a0, 0x00000000eb20b800, 0x00000000eb6fe000)
 Metaspace       used 25524K, capacity 25788K, committed 25856K, reserved 1073152K
  class space    used 2952K, capacity 3069K, committed 3072K, reserved 1048576K
GC Heap History (10 events):
Event: 3.653 GC heap before
{Heap before GC invocations=41 (full 1):
 def new generation   total 4992K, used 4714K [0x00000000e0000000, 0x00000000e0560000, 0x00000000eaaa0000)
  eden space 4480K, 100% used [0x00000000e0000000, 0x00000000e0460000, 0x00000000e0460000)
  from space 512K,  45% used [0x00000000e04e0000, 0x00000000e051a958, 0x00000000e0560000)
  to   space 512K,   0% used [0x00000000e0460000, 0x00000000e0460000, 0x00000000e04e0000)
 tenured generation   total 10944K, used 9927K [0x00000000eaaa0000, 0x00000000eb550000, 0x0000000100000000)
   the space 10944K,  90% used [0x00000000eaaa0000, 0x00000000eb451cd0, 0x00000000eb451e00, 0x00000000eb550000)
 Metaspace       used 24672K, capacity 24924K, committed 25088K, reserved 1071104K
  class space    used 2838K, capacity 2973K, committed 3072K, reserved 1048576K
Event: 3.656 GC heap after
Heap after GC invocations=42 (full 1):
 def new generation   total 4992K, used 464K [0x00000000e0000000, 0x00000000e0560000, 0x00000000eaaa0000)
  eden space 4480K,   0% used [0x00000000e0000000, 0x00000000e0000000, 0x00000000e0460000)
  from space 512K,  90% used [0x00000000e0460000, 0x00000000e04d43b8, 0x00000000e04e0000)
  to   space 512K,   0% used [0x00000000e04e0000, 0x00000000e04e0000, 0x00000000e0560000)
 tenured generation   total 10944K, used 9927K [0x00000000eaaa0000, 0x00000000eb550000, 0x0000000100000000)
   the space 10944K,  90% used [0x00000000eaaa0000, 0x00000000eb451cd0, 0x00000000eb451e00, 0x00000000eb550000)
 Metaspace       used 24672K, capacity 24924K, committed 25088K, reserved 1071104K
  class space    used 2838K, capacity 2973K, committed 3072K, reserved 1048576K
}
Event: 3.713 GC heap before
{Heap before GC invocations=42 (full 1):
 def new generation   total 4992K, used 4944K [0x00000000e0000000, 0x00000000e0560000, 0x00000000eaaa0000)
  eden space 4480K, 100% used [0x00000000e0000000, 0x00000000e0460000, 0x00000000e0460000)
  from space 512K,  90% used [0x00000000e0460000, 0x00000000e04d43b8, 0x00000000e04e0000)
  to   space 512K,   0% used [0x00000000e04e0000, 0x00000000e04e0000, 0x00000000e0560000)
 tenured generation   total 10944K, used 9927K [0x00000000eaaa0000, 0x00000000eb550000, 0x0000000100000000)
   the space 10944K,  90% used [0x00000000eaaa0000, 0x00000000eb451cd0, 0x00000000eb451e00, 0x00000000eb550000)
 Metaspace       used 24913K, capacity 25212K, committed 25344K, reserved 1071104K
  class space    used 2871K, capacity 3005K, committed 3072K, reserved 1048576K
Event: 3.716 GC heap after
Heap after GC invocations=43 (full 1):
 def new generation   total 4992K, used 511K [0x00000000e0000000, 0x00000000e0560000, 0x00000000eaaa0000)
  eden space 4480K,   0% used [0x00000000e0000000, 0x00000000e0000000, 0x00000000e0460000)
  from space 512K,  99% used [0x00000000e04e0000, 0x00000000e055fff8, 0x00000000e0560000)
  to   space 512K,   0% used [0x00000000e0460000, 0x00000000e0460000, 0x00000000e04e0000)
 tenured generation   total 10944K, used 10267K [0x00000000eaaa0000, 0x00000000eb550000, 0x0000000100000000)
   the space 10944K,  93% used [0x00000000eaaa0000, 0x00000000eb4a6c58, 0x00000000eb4a6e00, 0x00000000eb550000)
 Metaspace       used 24913K, capacity 25212K, committed 25344K, reserved 1071104K
  class space    used 2871K, capacity 3005K, committed 3072K, reserved 1048576K
}
Event: 3.774 GC heap before
{Heap before GC invocations=43 (full 1):
 def new generation   total 4992K, used 4991K [0x00000000e0000000, 0x00000000e0560000, 0x00000000eaaa0000)
  eden space 4480K, 100% used [0x00000000e0000000, 0x00000000e0460000, 0x00000000e0460000)
  from space 512K,  99% used [0x00000000e04e0000, 0x00000000e055fff8, 0x00000000e0560000)
  to   space 512K,   0% used [0x00000000e0460000, 0x00000000e0460000, 0x00000000e04e0000)
 tenured generation   total 10944K, used 10267K [0x00000000eaaa0000, 0x00000000eb550000, 0x0000000100000000)
   the space 10944K,  93% used [0x00000000eaaa0000, 0x00000000eb4a6c58, 0x00000000eb4a6e00, 0x00000000eb550000)
 Metaspace       used 25067K, capacity 25340K, committed 25600K, reserved 1071104K
  class space    used 2892K, capacity 3005K, committed 3072K, reserved 1048576K
Event: 3.777 GC heap after
Heap after GC invocations=44 (full 1):
 def new generation   total 4992K, used 208K [0x00000000e0000000, 0x00000000e0560000, 0x00000000eaaa0000)
  eden space 4480K,   0% used [0x00000000e0000000, 0x00000000e0000000, 0x00000000e0460000)
  from space 512K,  40% used [0x00000000e0460000, 0x00000000e0494388, 0x00000000e04e0000)
  to   space 512K,   0% used [0x00000000e04e0000, 0x00000000e04e0000, 0x00000000e0560000)
 tenured generation   total 10944K, used 10677K [0x00000000eaaa0000, 0x00000000eb550000, 0x0000000100000000)
   the space 10944K,  97% used [0x00000000eaaa0000, 0x00000000eb50d5e0, 0x00000000eb50d600, 0x00000000eb550000)
 Metaspace       used 25067K, capacity 25340K, committed 25600K, reserved 1071104K
  class space    used 2892K, capacity 3005K, committed 3072K, reserved 1048576K
}
Event: 3.847 GC heap before
{Heap before GC invocations=44 (full 1):
 def new generation   total 4992K, used 4688K [0x00000000e0000000, 0x00000000e0560000, 0x00000000eaaa0000)
  eden space 4480K, 100% used [0x00000000e0000000, 0x00000000e0460000, 0x00000000e0460000)
  from space 512K,  40% used [0x00000000e0460000, 0x00000000e0494388, 0x00000000e04e0000)
  to   space 512K,   0% used [0x00000000e04e0000, 0x00000000e04e0000, 0x00000000e0560000)
 tenured generation   total 10944K, used 10677K [0x00000000eaaa0000, 0x00000000eb550000, 0x0000000100000000)
   the space 10944K,  97% used [0x00000000eaaa0000, 0x00000000eb50d5e0, 0x00000000eb50d600, 0x00000000eb550000)
 Metaspace       used 25363K, capacity 25564K, committed 25856K, reserved 1073152K
  class space    used 2931K, capacity 3037K, committed 3072K, reserved 1048576K
Event: 3.849 GC heap after
Heap after GC invocations=45 (full 1):
 def new generation   total 4992K, used 344K [0x00000000e0000000, 0x00000000e0560000, 0x00000000eaaa0000)
  eden space 4480K,   0% used [0x00000000e0000000, 0x00000000e0000000, 0x00000000e0460000)
  from space 512K,  67% used [0x00000000e04e0000, 0x00000000e0536010, 0x00000000e0560000)
  to   space 512K,   0% used [0x00000000e0460000, 0x00000000e0460000, 0x00000000e04e0000)
 tenured generation   total 10944K, used 10677K [0x00000000eaaa0000, 0x00000000eb550000, 0x0000000100000000)
   the space 10944K,  97% used [0x00000000eaaa0000, 0x00000000eb50d5e0, 0x00000000eb50d600, 0x00000000eb550000)
 Metaspace       used 25363K, capacity 25564K, committed 25856K, reserved 1073152K
  class space    used 2931K, capacity 3037K, committed 3072K, reserved 1048576K
}
Event: 3.892 GC heap before
{Heap before GC invocations=45 (full 1):
 def new generation   total 4992K, used 3566K [0x00000000e0000000, 0x00000000e0560000, 0x00000000eaaa0000)
  eden space 4480K,  71% used [0x00000000e0000000, 0x00000000e03258f0, 0x00000000e0460000)
  from space 512K,  67% used [0x00000000e04e0000, 0x00000000e0536010, 0x00000000e0560000)
  to   space 512K,   0% used [0x00000000e0460000, 0x00000000e0460000, 0x00000000e04e0000)
 tenured generation   total 10944K, used 10677K [0x00000000eaaa0000, 0x00000000eb550000, 0x0000000100000000)
   the space 10944K,  97% used [0x00000000eaaa0000, 0x00000000eb50d5e0, 0x00000000eb50d600, 0x00000000eb550000)
 Metaspace       used 25524K, capacity 25788K, committed 25856K, reserved 1073152K
  class space    used 2952K, capacity 3069K, committed 3072K, reserved 1048576K
Event: 3.936 GC heap after
Heap after GC invocations=46 (full 2):
 def new generation   total 5760K, used 0K [0x00000000e0000000, 0x00000000e0640000, 0x00000000eaaa0000)
  eden space 5120K,   0% used [0x00000000e0000000, 0x00000000e0000000, 0x00000000e0500000)
  from space 640K,   0% used [0x00000000e0500000, 0x00000000e0500000, 0x00000000e05a0000)
  to   space 640K,   0% used [0x00000000e05a0000, 0x00000000e05a0000, 0x00000000e0640000)
 tenured generation   total 12664K, used 7597K [0x00000000eaaa0000, 0x00000000eb6fe000, 0x0000000100000000)
   the space 12664K,  59% used [0x00000000eaaa0000, 0x00000000eb20b7a0, 0x00000000eb20b800, 0x00000000eb6fe000)
 Metaspace       used 25524K, capacity 25788K, committed 25856K, reserved 1073152K
  class space    used 2952K, capacity 3069K, committed 3072K, reserved 1048576K
}

